# JRE version: 7.0_09-b05
# Java VM: Java HotSpot(TM) Client VM (23.5-b02 mixed mode, sharing windows-x86 )
Heap
 def new generation   total 4928K, used 3908K [0x24050000, 0x245a0000, 0x295a0000)
  eden space 4416K,  76% used [0x24050000, 0x243a11a8, 0x244a0000)
  from space 512K, 100% used [0x24520000, 0x245a0000, 0x245a0000)
  to   space 512K,   0% used [0x244a0000, 0x244a0000, 0x24520000)
 tenured generation   total 10944K, used 1339K [0x295a0000, 0x2a050000, 0x34050000)
   the space 10944K,  12% used [0x295a0000, 0x296eee60, 0x296ef000, 0x2a050000)
 compacting perm gen  total 12288K, used 4836K [0x34050000, 0x34c50000, 0x38050000)
   the space 12288K,  39% used [0x34050000, 0x34509380, 0x34509400, 0x34c50000)
    ro space 10240K,  45% used [0x38050000, 0x384d5880, 0x384d5a00, 0x38a50000)
    rw space 12288K,  54% used [0x38a50000, 0x390d8a58, 0x390d8c00, 0x39650000)
GC Heap History (6 events):
Event: 0.465 GC heap before
{Heap before GC invocations=0 (full 0):
 def new generation   total 4928K, used 4415K [0x24050000, 0x245a0000, 0x295a0000)
  eden space 4416K,  99% used [0x24050000, 0x2449fde8, 0x244a0000)
  from space 512K,   0% used [0x244a0000, 0x244a0000, 0x24520000)
  to   space 512K,   0% used [0x24520000, 0x24520000, 0x245a0000)
 tenured generation   total 10944K, used 0K [0x295a0000, 0x2a050000, 0x34050000)
   the space 10944K,   0% used [0x295a0000, 0x295a0000, 0x295a0200, 0x2a050000)
 compacting perm gen  total 12288K, used 1270K [0x34050000, 0x34c50000, 0x38050000)
   the space 12288K,  10% used [0x34050000, 0x3418d940, 0x3418da00, 0x34c50000)
    ro space 10240K,  45% used [0x38050000, 0x384d5880, 0x384d5a00, 0x38a50000)
    rw space 12288K,  54% used [0x38a50000, 0x390d8a58, 0x390d8c00, 0x39650000)
Event: 0.470 GC heap after
Heap after GC invocations=1 (full 0):
 def new generation   total 4928K, used 512K [0x24050000, 0x245a0000, 0x295a0000)
  eden space 4416K,   0% used [0x24050000, 0x24050000, 0x244a0000)
  from space 512K, 100% used [0x24520000, 0x245a0000, 0x245a0000)
  to   space 512K,   0% used [0x244a0000, 0x244a0000, 0x24520000)
 tenured generation   total 10944K, used 71K [0x295a0000, 0x2a050000, 0x34050000)
   the space 10944K,   0% used [0x295a0000, 0x295b1c00, 0x295b1c00, 0x2a050000)
 compacting perm gen  total 12288K, used 1270K [0x34050000, 0x34c50000, 0x38050000)
   the space 12288K,  10% used [0x34050000, 0x3418d940, 0x3418da00, 0x34c50000)
    ro space 10240K,  45% used [0x38050000, 0x384d5880, 0x384d5a00, 0x38a50000)
    rw space 12288K,  54% used [0x38a50000, 0x390d8a58, 0x390d8c00, 0x39650000)
}
Event: 0.655 GC heap before
{Heap before GC invocations=1 (full 0):
 def new generation   total 4928K, used 4928K [0x24050000, 0x245a0000, 0x295a0000)
  eden space 4416K, 100% used [0x24050000, 0x244a0000, 0x244a0000)
  from space 512K, 100% used [0x24520000, 0x245a0000, 0x245a0000)
  to   space 512K,   0% used [0x244a0000, 0x244a0000, 0x24520000)
 tenured generation   total 10944K, used 71K [0x295a0000, 0x2a050000, 0x34050000)
   the space 10944K,   0% used [0x295a0000, 0x295b1c00, 0x295b1c00, 0x2a050000)
 compacting perm gen  total 12288K, used 2554K [0x34050000, 0x34c50000, 0x38050000)
   the space 12288K,  20% used [0x34050000, 0x342ce9e0, 0x342cea00, 0x34c50000)
    ro space 10240K,  45% used [0x38050000, 0x384d5880, 0x384d5a00, 0x38a50000)
    rw space 12288K,  54% used [0x38a50000, 0x390d8a58, 0x390d8c00, 0x39650000)
Event: 0.662 GC heap after
Heap after GC invocations=2 (full 0):
 def new generation   total 4928K, used 512K [0x24050000, 0x245a0000, 0x295a0000)
  eden space 4416K,   0% used [0x24050000, 0x24050000, 0x244a0000)
  from space 512K, 100% used [0x244a0000, 0x24520000, 0x24520000)
  to   space 512K,   0% used [0x24520000, 0x24520000, 0x245a0000)
 tenured generation   total 10944K, used 778K [0x295a0000, 0x2a050000, 0x34050000)
   the space 10944K,   7% used [0x295a0000, 0x29662918, 0x29662a00, 0x2a050000)
 compacting perm gen  total 12288K, used 2554K [0x34050000, 0x34c50000, 0x38050000)
   the space 12288K,  20% used [0x34050000, 0x342ce9e0, 0x342cea00, 0x34c50000)
    ro space 10240K,  45% used [0x38050000, 0x384d5880, 0x384d5a00, 0x38a50000)
    rw space 12288K,  54% used [0x38a50000, 0x390d8a58, 0x390d8c00, 0x39650000)
}
Event: 1.586 GC heap before
{Heap before GC invocations=2 (full 0):
 def new generation   total 4928K, used 4928K [0x24050000, 0x245a0000, 0x295a0000)
  eden space 4416K, 100% used [0x24050000, 0x244a0000, 0x244a0000)
  from space 512K, 100% used [0x244a0000, 0x24520000, 0x24520000)
  to   space 512K,   0% used [0x24520000, 0x24520000, 0x245a0000)
 tenured generation   total 10944K, used 778K [0x295a0000, 0x2a050000, 0x34050000)
   the space 10944K,   7% used [0x295a0000, 0x29662918, 0x29662a00, 0x2a050000)
 compacting perm gen  total 12288K, used 3817K [0x34050000, 0x34c50000, 0x38050000)
   the space 12288K,  31% used [0x34050000, 0x3440a410, 0x3440a600, 0x34c50000)
    ro space 10240K,  45% used [0x38050000, 0x384d5880, 0x384d5a00, 0x38a50000)
    rw space 12288K,  54% used [0x38a50000, 0x390d8a58, 0x390d8c00, 0x39650000)
Event: 1.594 GC heap after
Heap after GC invocations=3 (full 0):
 def new generation   total 4928K, used 512K [0x24050000, 0x245a0000, 0x295a0000)
  eden space 4416K,   0% used [0x24050000, 0x24050000, 0x244a0000)
  from space 512K, 100% used [0x24520000, 0x245a0000, 0x245a0000)
  to   space 512K,   0% used [0x244a0000, 0x244a0000, 0x24520000)
 tenured generation   total 10944K, used 1339K [0x295a0000, 0x2a050000, 0x34050000)
   the space 10944K,  12% used [0x295a0000, 0x296eee60, 0x296ef000, 0x2a050000)
 compacting perm gen  total 12288K, used 3817K [0x34050000, 0x34c50000, 0x38050000)
   the space 12288K,  31% used [0x34050000, 0x3440a410, 0x3440a600, 0x34c50000)
    ro space 10240K,  45% used [0x38050000, 0x384d5880, 0x384d5a00, 0x38a50000)
    rw space 12288K,  54% used [0x38a50000, 0x390d8a58, 0x390d8c00, 0x39650000)
}

